{"E:\\keploy_assignment\\app.js": {"path":"E:\\keploy_assignment\\app.js","statementMap":{"0":{"start":{"line":1,"column":16},"end":{"line":1,"column":34}},"1":{"start":{"line":2,"column":17},"end":{"line":2,"column":36}},"2":{"start":{"line":3,"column":19},"end":{"line":3,"column":49}},"3":{"start":{"line":5,"column":12},"end":{"line":5,"column":21}},"4":{"start":{"line":7,"column":0},"end":{"line":7,"column":24}},"5":{"start":{"line":8,"column":0},"end":{"line":8,"column":30}},"6":{"start":{"line":10,"column":0},"end":{"line":10,"column":21}}},"fnMap":{},"branchMap":{},"s":{"0":2,"1":2,"2":2,"3":2,"4":2,"5":2,"6":2},"f":{},"b":{},"_coverageSchema":"1a1c01bbd47fc00a2c39e90264f33305004495a9","hash":"f0713bec452e8a217c1b4af58ea1044a60bffa60"}
,"E:\\keploy_assignment\\controllers\\taskController.js": {"path":"E:\\keploy_assignment\\controllers\\taskController.js","statementMap":{"0":{"start":{"line":1,"column":13},"end":{"line":1,"column":38}},"1":{"start":{"line":4,"column":0},"end":{"line":11,"column":2}},"2":{"start":{"line":5,"column":4},"end":{"line":10,"column":5}},"3":{"start":{"line":6,"column":22},"end":{"line":6,"column":39}},"4":{"start":{"line":7,"column":8},"end":{"line":7,"column":36}},"5":{"start":{"line":9,"column":8},"end":{"line":9,"column":57}},"6":{"start":{"line":14,"column":0},"end":{"line":22,"column":2}},"7":{"start":{"line":15,"column":4},"end":{"line":21,"column":5}},"8":{"start":{"line":16,"column":21},"end":{"line":16,"column":55}},"9":{"start":{"line":17,"column":8},"end":{"line":17,"column":78}},"10":{"start":{"line":17,"column":19},"end":{"line":17,"column":78}},"11":{"start":{"line":18,"column":8},"end":{"line":18,"column":35}},"12":{"start":{"line":20,"column":8},"end":{"line":20,"column":57}},"13":{"start":{"line":25,"column":0},"end":{"line":33,"column":2}},"14":{"start":{"line":26,"column":4},"end":{"line":32,"column":5}},"15":{"start":{"line":27,"column":24},"end":{"line":27,"column":42}},"16":{"start":{"line":28,"column":8},"end":{"line":28,"column":29}},"17":{"start":{"line":29,"column":8},"end":{"line":29,"column":38}},"18":{"start":{"line":31,"column":8},"end":{"line":31,"column":57}},"19":{"start":{"line":36,"column":0},"end":{"line":43,"column":2}},"20":{"start":{"line":37,"column":4},"end":{"line":42,"column":5}},"21":{"start":{"line":38,"column":21},"end":{"line":38,"column":48}},"22":{"start":{"line":39,"column":8},"end":{"line":39,"column":35}},"23":{"start":{"line":41,"column":8},"end":{"line":41,"column":57}},"24":{"start":{"line":47,"column":0},"end":{"line":55,"column":2}},"25":{"start":{"line":48,"column":4},"end":{"line":54,"column":5}},"26":{"start":{"line":49,"column":28},"end":{"line":49,"column":96}},"27":{"start":{"line":50,"column":8},"end":{"line":50,"column":85}},"28":{"start":{"line":50,"column":26},"end":{"line":50,"column":85}},"29":{"start":{"line":51,"column":8},"end":{"line":51,"column":42}},"30":{"start":{"line":53,"column":8},"end":{"line":53,"column":57}},"31":{"start":{"line":58,"column":0},"end":{"line":66,"column":2}},"32":{"start":{"line":59,"column":4},"end":{"line":65,"column":5}},"33":{"start":{"line":60,"column":28},"end":{"line":60,"column":71}},"34":{"start":{"line":61,"column":8},"end":{"line":61,"column":85}},"35":{"start":{"line":61,"column":26},"end":{"line":61,"column":85}},"36":{"start":{"line":62,"column":8},"end":{"line":62,"column":58}},"37":{"start":{"line":64,"column":8},"end":{"line":64,"column":57}}},"fnMap":{"0":{"name":"(anonymous_0)","decl":{"start":{"line":4,"column":19},"end":{"line":4,"column":20}},"loc":{"start":{"line":4,"column":39},"end":{"line":11,"column":1}},"line":4},"1":{"name":"(anonymous_1)","decl":{"start":{"line":14,"column":18},"end":{"line":14,"column":19}},"loc":{"start":{"line":14,"column":38},"end":{"line":22,"column":1}},"line":14},"2":{"name":"(anonymous_2)","decl":{"start":{"line":25,"column":21},"end":{"line":25,"column":22}},"loc":{"start":{"line":25,"column":41},"end":{"line":33,"column":1}},"line":25},"3":{"name":"(anonymous_3)","decl":{"start":{"line":36,"column":21},"end":{"line":36,"column":22}},"loc":{"start":{"line":36,"column":41},"end":{"line":43,"column":1}},"line":36},"4":{"name":"(anonymous_4)","decl":{"start":{"line":47,"column":21},"end":{"line":47,"column":22}},"loc":{"start":{"line":47,"column":41},"end":{"line":55,"column":1}},"line":47},"5":{"name":"(anonymous_5)","decl":{"start":{"line":58,"column":21},"end":{"line":58,"column":22}},"loc":{"start":{"line":58,"column":41},"end":{"line":66,"column":1}},"line":58}},"branchMap":{"0":{"loc":{"start":{"line":17,"column":8},"end":{"line":17,"column":78}},"type":"if","locations":[{"start":{"line":17,"column":8},"end":{"line":17,"column":78}},{"start":{},"end":{}}],"line":17},"1":{"loc":{"start":{"line":50,"column":8},"end":{"line":50,"column":85}},"type":"if","locations":[{"start":{"line":50,"column":8},"end":{"line":50,"column":85}},{"start":{},"end":{}}],"line":50},"2":{"loc":{"start":{"line":61,"column":8},"end":{"line":61,"column":85}},"type":"if","locations":[{"start":{"line":61,"column":8},"end":{"line":61,"column":85}},{"start":{},"end":{}}],"line":61}},"s":{"0":3,"1":3,"2":2,"3":2,"4":2,"5":0,"6":3,"7":0,"8":0,"9":0,"10":0,"11":0,"12":0,"13":3,"14":0,"15":0,"16":0,"17":0,"18":0,"19":3,"20":3,"21":3,"22":3,"23":0,"24":3,"25":0,"26":0,"27":0,"28":0,"29":0,"30":0,"31":3,"32":0,"33":0,"34":0,"35":0,"36":0,"37":0},"f":{"0":2,"1":0,"2":0,"3":3,"4":0,"5":0},"b":{"0":[0,0],"1":[0,0],"2":[0,0]},"_coverageSchema":"1a1c01bbd47fc00a2c39e90264f33305004495a9","hash":"2a84ffacfe9fd1e7d5b1080374cb7992d59955c9"}
,"E:\\keploy_assignment\\models\\Task.js": {"path":"E:\\keploy_assignment\\models\\Task.js","statementMap":{"0":{"start":{"line":1,"column":17},"end":{"line":1,"column":36}},"1":{"start":{"line":3,"column":19},"end":{"line":13,"column":2}},"2":{"start":{"line":15,"column":0},"end":{"line":15,"column":52}}},"fnMap":{},"branchMap":{},"s":{"0":3,"1":3,"2":3},"f":{},"b":{},"_coverageSchema":"1a1c01bbd47fc00a2c39e90264f33305004495a9","hash":"73c75ba6e44fe5d88a49a7d3a81b71d94d45f350"}
,"E:\\keploy_assignment\\routes\\taskRoutes.js": {"path":"E:\\keploy_assignment\\routes\\taskRoutes.js","statementMap":{"0":{"start":{"line":1,"column":16},"end":{"line":1,"column":34}},"1":{"start":{"line":2,"column":15},"end":{"line":2,"column":31}},"2":{"start":{"line":3,"column":23},"end":{"line":3,"column":63}},"3":{"start":{"line":5,"column":0},"end":{"line":5,"column":41}},"4":{"start":{"line":6,"column":0},"end":{"line":6,"column":43}},"5":{"start":{"line":7,"column":0},"end":{"line":7,"column":44}},"6":{"start":{"line":8,"column":0},"end":{"line":8,"column":46}},"7":{"start":{"line":9,"column":0},"end":{"line":9,"column":49}},"8":{"start":{"line":11,"column":0},"end":{"line":11,"column":24}}},"fnMap":{},"branchMap":{},"s":{"0":2,"1":2,"2":2,"3":2,"4":2,"5":2,"6":2,"7":2,"8":2},"f":{},"b":{},"_coverageSchema":"1a1c01bbd47fc00a2c39e90264f33305004495a9","hash":"a9ec3d828a1230cd5b30fd14f5c251eb59c896e9"}
}
